# compute-mfcc-feats --verbose=2 --config=conf/mfcc.conf scp,p:exp/make_mfcc/train_yesno/wav_train_yesno.1.scp ark:- | copy-feats --compress=true ark:- ark,scp:/home/krim/Documents/2015/fall15/CS136A/mfcc/raw_mfcc_train_yesno.1.ark,/home/krim/Documents/2015/fall15/CS136A/mfcc/raw_mfcc_train_yesno.1.scp 
# Started at Tue Oct 20 06:04:04 EDT 2015
#
copy-feats --compress=true ark:- ark,scp:/home/krim/Documents/2015/fall15/CS136A/mfcc/raw_mfcc_train_yesno.1.ark,/home/krim/Documents/2015/fall15/CS136A/mfcc/raw_mfcc_train_yesno.1.scp 
compute-mfcc-feats --verbose=2 --config=conf/mfcc.conf scp,p:exp/make_mfcc/train_yesno/wav_train_yesno.1.scp ark:- 
VLOG[2] (compute-mfcc-feats:main():compute-mfcc-feats.cc:178) Processed features for key 0_0_0_0_1_1_1_1
VLOG[2] (compute-mfcc-feats:main():compute-mfcc-feats.cc:178) Processed features for key 0_0_0_1_0_0_0_1
VLOG[2] (compute-mfcc-feats:main():compute-mfcc-feats.cc:178) Processed features for key 0_0_0_1_0_1_1_0
VLOG[2] (compute-mfcc-feats:main():compute-mfcc-feats.cc:178) Processed features for key 0_0_1_0_0_0_1_0
VLOG[2] (compute-mfcc-feats:main():compute-mfcc-feats.cc:178) Processed features for key 0_0_1_0_0_1_1_0
VLOG[2] (compute-mfcc-feats:main():compute-mfcc-feats.cc:178) Processed features for key 0_0_1_0_0_1_1_1
VLOG[2] (compute-mfcc-feats:main():compute-mfcc-feats.cc:178) Processed features for key 0_0_1_0_1_0_0_0
VLOG[2] (compute-mfcc-feats:main():compute-mfcc-feats.cc:178) Processed features for key 0_0_1_0_1_0_0_1
VLOG[2] (compute-mfcc-feats:main():compute-mfcc-feats.cc:178) Processed features for key 0_0_1_0_1_0_1_1
LOG (compute-mfcc-feats:main():compute-mfcc-feats.cc:177) Processed 10 utterances
VLOG[2] (compute-mfcc-feats:main():compute-mfcc-feats.cc:178) Processed features for key 0_0_1_1_0_0_0_1
VLOG[2] (compute-mfcc-feats:main():compute-mfcc-feats.cc:178) Processed features for key 0_0_1_1_0_1_0_0
VLOG[2] (compute-mfcc-feats:main():compute-mfcc-feats.cc:178) Processed features for key 0_0_1_1_0_1_1_0
VLOG[2] (compute-mfcc-feats:main():compute-mfcc-feats.cc:178) Processed features for key 0_0_1_1_0_1_1_1
VLOG[2] (compute-mfcc-feats:main():compute-mfcc-feats.cc:178) Processed features for key 0_0_1_1_1_0_0_0
VLOG[2] (compute-mfcc-feats:main():compute-mfcc-feats.cc:178) Processed features for key 0_0_1_1_1_0_0_1
VLOG[2] (compute-mfcc-feats:main():compute-mfcc-feats.cc:178) Processed features for key 0_0_1_1_1_1_0_0
VLOG[2] (compute-mfcc-feats:main():compute-mfcc-feats.cc:178) Processed features for key 0_0_1_1_1_1_1_0
VLOG[2] (compute-mfcc-feats:main():compute-mfcc-feats.cc:178) Processed features for key 0_1_0_0_0_1_0_0
VLOG[2] (compute-mfcc-feats:main():compute-mfcc-feats.cc:178) Processed features for key 0_1_0_0_0_1_1_0
LOG (compute-mfcc-feats:main():compute-mfcc-feats.cc:177) Processed 20 utterances
VLOG[2] (compute-mfcc-feats:main():compute-mfcc-feats.cc:178) Processed features for key 0_1_0_0_1_0_1_0
VLOG[2] (compute-mfcc-feats:main():compute-mfcc-feats.cc:178) Processed features for key 0_1_0_0_1_0_1_1
VLOG[2] (compute-mfcc-feats:main():compute-mfcc-feats.cc:178) Processed features for key 0_1_0_1_0_0_0_0
VLOG[2] (compute-mfcc-feats:main():compute-mfcc-feats.cc:178) Processed features for key 0_1_0_1_1_0_1_0
VLOG[2] (compute-mfcc-feats:main():compute-mfcc-feats.cc:178) Processed features for key 0_1_0_1_1_1_0_0
VLOG[2] (compute-mfcc-feats:main():compute-mfcc-feats.cc:178) Processed features for key 0_1_1_0_0_1_1_0
VLOG[2] (compute-mfcc-feats:main():compute-mfcc-feats.cc:178) Processed features for key 0_1_1_0_0_1_1_1
VLOG[2] (compute-mfcc-feats:main():compute-mfcc-feats.cc:178) Processed features for key 0_1_1_1_0_0_0_0
VLOG[2] (compute-mfcc-feats:main():compute-mfcc-feats.cc:178) Processed features for key 0_1_1_1_0_0_1_0
VLOG[2] (compute-mfcc-feats:main():compute-mfcc-feats.cc:178) Processed features for key 0_1_1_1_0_1_0_1
LOG (compute-mfcc-feats:main():compute-mfcc-feats.cc:177) Processed 30 utterances
VLOG[2] (compute-mfcc-feats:main():compute-mfcc-feats.cc:178) Processed features for key 0_1_1_1_1_0_1_0
VLOG[2] (compute-mfcc-feats:main():compute-mfcc-feats.cc:178) Processed features for key 0_1_1_1_1_1_1_1
LOG (compute-mfcc-feats:main():compute-mfcc-feats.cc:181)  Done 31 out of 31 utterances.
LOG (copy-feats:main():copy-feats.cc:100) Copied 31 feature matrices.
# Accounting: time=1 threads=1
# Ended (code 0) at Tue Oct 20 06:04:05 EDT 2015, elapsed time 1 seconds
