# gmm-est --write-occs=exp/mono/2.occs --mix-up=11 --power=0.25 exp/mono/1.mdl "gmm-sum-accs - exp/mono/1.*.acc|" exp/mono/2.mdl 
# Started at Tue Oct 20 06:04:41 EDT 2015
#
gmm-est --write-occs=exp/mono/2.occs --mix-up=11 --power=0.25 exp/mono/1.mdl 'gmm-sum-accs - exp/mono/1.*.acc|' exp/mono/2.mdl 
gmm-sum-accs - exp/mono/1.1.acc 
LOG (gmm-sum-accs:main():gmm-sum-accs.cc:63) Summed 1 stats, total count 18996, avg like/frame -98.3893
LOG (gmm-sum-accs:main():gmm-sum-accs.cc:66) Total count of stats is 18996
LOG (gmm-sum-accs:main():gmm-sum-accs.cc:67) Written stats to -
LOG (gmm-est:MleUpdate():transition-model.cc:393) TransitionModel::Update, objf change is 0.0313902 per frame over 18996 frames. 
LOG (gmm-est:MleUpdate():transition-model.cc:396) 6 probabilities floored, 0 out of 11 transition-states skipped due to insuffient data (it is normal to have some skipped.)
LOG (gmm-est:main():gmm-est.cc:102) Transition model update: Overall 0.0313902 log-like improvement per frame over 18996 frames.
WARNING (gmm-est:MleDiagGmmUpdate():mle-diag-gmm.cc:365) Gaussian has too little data but not removing it because it is the last Gaussian: i = 0, occ = 7, weight = 1
LOG (gmm-est:MleAmDiagGmmUpdate():mle-am-diag-gmm.cc:225) 0 variance elements floored in 0 Gaussians, out of 11
LOG (gmm-est:MleAmDiagGmmUpdate():mle-am-diag-gmm.cc:229) Removed 0 Gaussians due to counts < --min-gaussian-occupancy=10 and --remove-low-count-gaussians=true
LOG (gmm-est:main():gmm-est.cc:113) GMM update: Overall 3.19367 objective function improvement per frame over 18996 frames
LOG (gmm-est:main():gmm-est.cc:116) GMM update: Overall avg like per frame = -98.3893 over 18996 frames.
LOG (gmm-est:SplitByCount():am-diag-gmm.cc:116) Split 11 states with target = 11, power = 0.25, perturb_factor = 0.01 and min_count = 20, split #Gauss from 11 to 11
LOG (gmm-est:main():gmm-est.cc:146) Written model to exp/mono/2.mdl
# Accounting: time=0 threads=1
# Ended (code 0) at Tue Oct 20 06:04:41 EDT 2015, elapsed time 0 seconds
